<?xml version="1.0" encoding="UTF-8"?>
<testsuite xmlns:xsi="http://www.w3.org/2001/XMLSchema-instance" xsi:noNamespaceSchemaLocation="https://maven.apache.org/surefire/maven-surefire-plugin/xsd/surefire-test-report.xsd" version="3.0.2" name="MessageBusTests" time="0.557" tests="5" errors="0" skipped="0" failures="0">
  <properties>
[...]
</properties>
  <testcase name="testAwaitMessageBlocking" classname="MessageBusTests" time="0.525">
    <system-out><![CDATA[EventBus: TestService1 waiting for a message...
EventBus: Queue size for TestService1 before taking message: 0
]]></system-out>
  </testcase>
  <testcase name="testSubscribeBroadcast" classname="MessageBusTests" time="0.0">
    <system-out><![CDATA[Broadcast TestBroadcast sent to TestService1
EventBus: TestService1 waiting for a message...
EventBus: Queue size for TestService1 before taking message: 1
EventBus: TestService1 received message: TestBroadcast
]]></system-out>
  </testcase>
  <testcase name="testUnregister" classname="MessageBusTests" time="0.0">
    <system-out><![CDATA[EventBus: Sending event TestEvent
EventBus: No subscribers found for event TestEvent
EventBus: TestService1 waiting for a message...
]]></system-out>
  </testcase>
  <testcase name="testSubscribeEvent" classname="MessageBusTests" time="0.0">
    <system-out><![CDATA[EventBus: Sending event TestEvent
EventBus: Sending event TestEvent to TestService1
EventBus: Queue size for TestService1 after adding event: 1
EventBus: TestService1 waiting for a message...
EventBus: Queue size for TestService1 before taking message: 1
EventBus: TestService1 received message: TestEvent
]]></system-out>
  </testcase>
  <testcase name="testCompleteEvent" classname="MessageBusTests" time="0.0">
    <system-out><![CDATA[EventBus: Sending event TestEvent
EventBus: Sending event TestEvent to TestService1
EventBus: Queue size for TestService1 after adding event: 1
MessageBusImpl: Completed event MessageBusTests$TestEvent@c730b35
]]></system-out>
  </testcase>
</testsuite>