<?xml version="1.0" encoding="UTF-8"?>
<testsuite xmlns:xsi="http://www.w3.org/2001/XMLSchema-instance" xsi:noNamespaceSchemaLocation="https://maven.apache.org/surefire/maven-surefire-plugin/xsd/surefire-test-report.xsd" version="3.0.2" name="CameraLiDarFusionTests" time="0.061" tests="3" errors="0" skipped="0" failures="0">
  <properties>
[...]
</properties>
  <testcase name="testCameraService" classname="CameraLiDarFusionTests" time="0.02">
    <system-out><![CDATA[Camera initialized with an empty detectedObjectsList
Camera: Retrieving detected objects for tick: 1
Camera: Retrieving detected objects for tick: 1
Camera: Retrieving detected objects for tick: 1
Camera: Retrieving detected objects for tick: 1
Camera: Retrieving detected objects for tick: 1
Searching detected objects for time: 1, frequency: 1
Found matching detected object for time: 1, objectTime: 1
Adding 3 detected objects
Searching detected objects for time: 2, frequency: 1
No matching detected object found for time: 2
Searching detected objects for time: 3, frequency: 1
Found matching detected object for time: 3, objectTime: 3
Adding 2 detected objects
]]></system-out>
  </testcase>
  <testcase name="testLiDarService" classname="CameraLiDarFusionTests" time="0.002"/>
  <testcase name="testFusionSlam" classname="CameraLiDarFusionTests" time="0.009">
    <system-out><![CDATA[FusionSlam: Updating map with 5 tracked objects.
FusionSlam: Creating new landmark for ID: shelf_1
FusionSlam: Attempting to add coordinate to landmark: shelf_1 at time: 1
FusionSlam: Creating new landmark for ID: Toy_1
FusionSlam: Attempting to add coordinate to landmark: Toy_1 at time: 3
FusionSlam: Creating new landmark for ID: Toy_2
FusionSlam: Attempting to add coordinate to landmark: Toy_2 at time: 1
FusionSlam: Added corrected coordinate to landmark: shelf_1
FusionSlam: Creating new landmark for ID: shelf_2
FusionSlam: Added corrected coordinate to landmark: Toy_1
FusionSlam: Attempting to add coordinate to landmark: shelf_2 at time: 3
FusionSlam: Attempting to add coordinate to landmark: Toy_1 at time: 3
FusionSlam: Added corrected coordinate to landmark: Toy_2
FusionSlam: Added corrected coordinate to landmark: shelf_2
FusionSlam: Added corrected coordinate to landmark: Toy_1
]]></system-out>
  </testcase>
</testsuite>